<?xml version="1.0" encoding="UTF-8"?>
<testng-results ignored="0" total="1" passed="1" failed="0" skipped="0">
  <reporter-output>
  </reporter-output>
  <suite started-at="2024-07-10T13:09:31 IST" name="Default suite" finished-at="2024-07-10T13:09:49 IST" duration-ms="17701">
    <groups>
    </groups>
    <test started-at="2024-07-10T13:09:31 IST" name="Default test" finished-at="2024-07-10T13:09:49 IST" duration-ms="17701">
      <class name="com.TestApp.TestRegistrationPage">
        <test-method signature="TestRegistrationPage()[pri:0, instance:com.TestApp.TestRegistrationPage@7b2bbc3]" started-at="2024-07-10T13:09:31 IST" name="TestRegistrationPage" finished-at="2024-07-10T13:09:49 IST" duration-ms="17646" status="PASS">
          <reporter-output>
          </reporter-output>
        </test-method> <!-- TestRegistrationPage -->
      </class> <!-- com.TestApp.TestRegistrationPage -->
    </test> <!-- Default test -->
  </suite> <!-- Default suite -->
</testng-results>
